[INFO] 17:24:00:208 Memoria/(2390:2390): Servidor listo para recibir al cliente
[INFO] 18:06:09:342 Memoria/(4583:4583): Servidor listo para recibir al cliente
[INFO] 18:08:04:123 Memoria/(4722:4722): Servidor listo para recibir al cliente
[INFO] 18:31:44:430 Memoria/(5671:5671): Puerto escucha: 8002 
[INFO] 18:32:14:197 Memoria/(5734:5734): Puerto escucha: 8002 
[INFO] 18:35:27:167 Memoria/(5790:5790): Puerto escucha: 8002 
[INFO] 18:41:54:520 Memoria/(6141:6141): Puerto escucha: 8002 
[INFO] 18:41:54:520 Memoria/(6141:6141): Servidor listo para recibir al cliente
[INFO] 18:43:42:195 Memoria/(6325:6325): Puerto escucha: 8002 
[INFO] 18:43:42:195 Memoria/(6325:6325): Servidor listo para recibir al cliente
[INFO] 18:47:51:902 Memoria/(6662:6662): Servidor listo para recibir al cliente
[INFO] 18:48:05:649 Memoria/(6662:6662): Se conecto un cliente!
[INFO] 18:48:05:649 Memoria/(6662:6662): Servidor escuchando al cliente
[INFO] 18:12:34:266 Memoria/(2415:2415): Servidor listo para recibir al cliente
[INFO] 18:13:36:233 Memoria/(2415:2415): Se conecto un cliente!
[INFO] 18:13:36:233 Memoria/(2415:2415): Servidor escuchando al cliente
[INFO] 18:37:47:634 Memoria/(3724:3724): Servidor listo para recibir al cliente
[INFO] 18:37:57:440 Memoria/(3724:3724): Se conecto un cliente!
[INFO] 18:37:57:440 Memoria/(3724:3724): Servidor escuchando al cliente
[INFO] 23:09:59:855 Memoria/(6845:6845): Puerto escucha: 8002 
[INFO] 23:09:59:855 Memoria/(6845:6845): Servidor listo para recibir al cliente
[INFO] 23:10:09:309 Memoria/(6845:6845): Se conecto un cliente!
[INFO] 23:10:09:309 Memoria/(6845:6845): Servidor escuchando al cliente
[INFO] 23:11:27:232 Memoria/(6924:6924): Puerto escucha: 8002 
[INFO] 23:11:27:233 Memoria/(6924:6924): Servidor listo para recibir al cliente
[INFO] 23:11:34:847 Memoria/(6924:6924): Se conecto un cliente!
[INFO] 23:11:34:847 Memoria/(6924:6924): Servidor escuchando al cliente 1
[INFO] 23:11:42:250 Memoria/(6924:6924): Se conecto un cliente!
[INFO] 23:11:42:250 Memoria/(6924:6924): Servidor escuchando al cliente 2
[INFO] 23:11:49:181 Memoria/(6924:6924): Se conecto un cliente!
[INFO] 23:11:49:181 Memoria/(6924:6924): Servidor escuchando al cliente 3
