[INFO] 21:27:40:104 Cpu/(6481:6481): Listo para escuchar a mi cliente
[INFO] 21:30:27:215 Cpu/(6566:6566): Listo para escuchar a mi cliente
[INFO] 21:30:34:809 Cpu/(6566:6566): Se conecto un cliente!
[INFO] 23:58:05:323 Cpu/(9195:9195): Listo para escuchar a mi cliente
[INFO] 23:58:45:398 Cpu/(9195:9195): Se conecto un cliente!
[INFO] 00:02:51:145 Cpu/(9424:9424): Listo para escuchar a mi cliente
[INFO] 00:08:57:847 Cpu/(9756:9756): Listo para escuchar a mi cliente
[INFO] 00:09:31:815 Cpu/(9791:9791): Listo para escuchar a mi cliente
[INFO] 00:10:51:457 Cpu/(9922:9922): Listo para escuchar a mi cliente
[INFO] 00:11:55:470 Cpu/(10005:10005): Listo para escuchar a mi cliente
[INFO] 00:12:27:757 Cpu/(10050:10050): Listo para escuchar a mi cliente
[INFO] 00:12:58:542 Cpu/(10050:10050): Se conecto un cliente!
[INFO] 00:13:19:227 Cpu/(10123:10123): Listo para escuchar a mi cliente
[INFO] 00:16:13:885 Cpu/(10272:10272): Listo para escuchar a mi cliente
[INFO] 00:16:13:885 Cpu/(10272:10277): Conectado con memoria
[INFO] 00:16:31:579 Cpu/(10272:10272): Se conecto un cliente!
[INFO] 00:17:30:630 Cpu/(10357:10362): Conectado con memoria
[INFO] 00:17:30:630 Cpu/(10357:10357): Listo para escuchar a mi cliente
[INFO] 21:56:43:657 Cpu/(6034:6034): tam registro: 4
[INFO] 21:56:48:557 Cpu/(6064:6064): tam registro: 4
[INFO] 21:57:21:406 Cpu/(6147:6147): tam registro: 4
[INFO] 22:00:08:015 Cpu/(6232:6232): tam registro: 4
[INFO] 22:00:20:078 Cpu/(6246:6246): tam registro: 4
[INFO] 22:13:02:294 Cpu/(78832:78832): Listo para escuchar a mi cliente
[INFO] 22:14:02:784 Cpu/(78898:78898): Listo para escuchar a mi cliente
[INFO] 22:15:03:182 Cpu/(79032:79032): Listo para escuchar a mi cliente
[INFO] 22:15:11:794 Cpu/(79032:79032): Se conecto un cliente!
[INFO] 22:24:48:911 Cpu/(79466:79466): Listo para escuchar a mi cliente
[INFO] 22:25:03:173 Cpu/(79466:79466): Se conecto un cliente!
[INFO] 22:25:03:173 Cpu/(79466:79466): Entre a deserializar_cde
[INFO] 22:52:44:325 Cpu/(80702:80702): Listo para escuchar a mi cliente
[INFO] 23:13:55:213 Cpu/(81853:81853): Listo para escuchar a mi cliente
[INFO] 23:14:09:157 Cpu/(81853:81853): Se conecto un cliente!
[INFO] 23:14:09:157 Cpu/(81853:81853): Entre a deserializar_cde
[INFO] 23:18:23:964 Cpu/(82523:82523): Listo para escuchar a mi cliente
[INFO] 23:20:51:236 Cpu/(82623:82623): Listo para escuchar a mi cliente
[INFO] 23:20:56:599 Cpu/(82623:82623): Se conecto un cliente!
[INFO] 23:20:56:599 Cpu/(82623:82623): Se conecto el kernel
[INFO] 23:20:56:599 Cpu/(82623:82623): Entre a deserializar_cde
[INFO] 19:58:51:117 Cpu/(2147:2147): Listo para escuchar a mi cliente
[INFO] 19:59:05:623 Cpu/(2147:2147): Se conecto un cliente!
[INFO] 19:59:05:623 Cpu/(2147:2147): Se conecto el kernel
[INFO] 19:59:05:623 Cpu/(2147:2147): Entre a deserializar_cde
[INFO] 20:01:06:844 Cpu/(2243:2243): Listo para escuchar a mi cliente
[INFO] 20:08:35:692 Cpu/(2850:2850): Listo para escuchar a mi cliente
[INFO] 20:08:50:036 Cpu/(2850:2850): Se conecto un cliente!
[INFO] 20:08:50:037 Cpu/(2850:2850): Se conecto el kernel
[INFO] 20:08:50:037 Cpu/(2850:2850): Entre a deserializar_cde
[INFO] 20:10:41:145 Cpu/(2850:2850): Recibi el codigo de operacion
[INFO] 20:10:41:146 Cpu/(2850:2850): Recibi el tamanio
[INFO] 20:10:41:146 Cpu/(2850:2850): Recibi el paquete
[INFO] 20:10:41:146 Cpu/(2850:2850): Empiezo a deserializar
[INFO] 20:11:45:775 Cpu/(3013:3013): Listo para escuchar a mi cliente
[INFO] 20:11:57:391 Cpu/(3013:3013): Se conecto un cliente!
[INFO] 20:11:57:391 Cpu/(3013:3013): Se conecto el kernel
[INFO] 20:11:57:391 Cpu/(3013:3013): Entre a deserializar_cde
[INFO] 20:12:07:539 Cpu/(3013:3013): Recibi el codigo de operacion
[INFO] 20:12:07:539 Cpu/(3013:3013): Recibi el tamanio
[INFO] 20:12:07:539 Cpu/(3013:3013): Recibi el paquete
[INFO] 20:12:07:539 Cpu/(3013:3013): Empiezo a deserializar
[INFO] 20:13:30:896 Cpu/(3126:3126): Listo para escuchar a mi cliente
[INFO] 20:13:38:952 Cpu/(3126:3126): Se conecto un cliente!
[INFO] 20:13:38:953 Cpu/(3126:3126): Se conecto el kernel
[INFO] 20:13:38:953 Cpu/(3126:3126): Entre a deserializar_cde
[INFO] 20:14:05:687 Cpu/(3126:3126): Recibi el codigo de operacion
[INFO] 20:14:05:688 Cpu/(3126:3126): Recibi el tamanio
[INFO] 20:14:05:688 Cpu/(3126:3126): Recibi el paquete
[INFO] 20:14:05:688 Cpu/(3126:3126): Empiezo a deserializar
[INFO] 20:14:05:688 Cpu/(3126:3126): Termine de deserializar.
[INFO] 20:14:05:688 Cpu/(3126:3126): PID: 1411076997
[INFO] 20:14:05:688 Cpu/(3126:3126): PC: 32623
[INFO] 20:14:05:688 Cpu/(3126:3126): Estado: 0
[INFO] 20:19:46:206 Cpu/(3370:3370): Listo para escuchar a mi cliente
[INFO] 20:20:09:526 Cpu/(3370:3370): Se conecto un cliente!
[INFO] 20:20:09:529 Cpu/(3370:3370): Se conecto el kernel
[INFO] 20:20:09:530 Cpu/(3370:3370): Entre a deserializar_cde
[INFO] 20:20:26:265 Cpu/(3370:3370): Recibi el codigo de operacion
[INFO] 20:20:26:266 Cpu/(3370:3370): Recibi el tamanio
[INFO] 20:20:26:266 Cpu/(3370:3370): Recibi el paquete
[INFO] 20:20:26:267 Cpu/(3370:3370): Empiezo a deserializar
[INFO] 20:20:26:271 Cpu/(3370:3370): Termine de deserializar.
[INFO] 20:20:26:271 Cpu/(3370:3370): PID: 0
[INFO] 20:20:26:272 Cpu/(3370:3370): PC: 0
[INFO] 20:20:26:273 Cpu/(3370:3370): Estado: 0
[INFO] 20:29:30:946 Cpu/(3708:3708): Listo para escuchar a mi cliente
[INFO] 20:30:03:737 Cpu/(3708:3708): Se conecto un cliente!
[INFO] 20:30:03:739 Cpu/(3708:3708): Se conecto el kernel
[INFO] 20:30:03:740 Cpu/(3708:3708): Entre a deserializar_cde
[INFO] 20:30:18:930 Cpu/(3708:3708): Recibi el codigo de operacion
[INFO] 20:30:18:930 Cpu/(3708:3708): Recibi el tamanio
[INFO] 20:30:18:931 Cpu/(3708:3708): Recibi el paquete
[INFO] 20:30:18:931 Cpu/(3708:3708): Empiezo a deserializar
[INFO] 20:30:18:933 Cpu/(3708:3708): Termine de deserializar.
[INFO] 20:30:18:934 Cpu/(3708:3708): PID: 0
[INFO] 20:30:18:934 Cpu/(3708:3708): PC: 0
[INFO] 20:30:18:936 Cpu/(3708:3708): Estado: 0
[INFO] 20:34:44:466 Cpu/(3882:3882): Listo para escuchar a mi cliente
[INFO] 20:34:54:768 Cpu/(3882:3882): Se conecto un cliente!
[INFO] 20:34:54:769 Cpu/(3882:3882): Se conecto el kernel
[INFO] 20:34:54:771 Cpu/(3882:3882): Entre a deserializar_cde
[INFO] 20:35:27:032 Cpu/(3882:3882): Recibi el codigo de operacion: 2
[INFO] 20:35:27:036 Cpu/(3882:3882): Recibi el tamanio: 0
[INFO] 20:35:27:036 Cpu/(3882:3882): Recibi el paquete
[INFO] 20:35:27:037 Cpu/(3882:3882): Empiezo a deserializar
[INFO] 20:35:27:040 Cpu/(3882:3882): Termine de deserializar.
[INFO] 20:35:27:041 Cpu/(3882:3882): PID: 0
[INFO] 20:35:27:041 Cpu/(3882:3882): PC: 0
[INFO] 20:35:27:042 Cpu/(3882:3882): Estado: 0
[INFO] 20:36:46:740 Cpu/(3967:3967): Listo para escuchar a mi cliente
[INFO] 20:37:58:209 Cpu/(3967:3967): Se conecto un cliente!
[INFO] 20:37:58:209 Cpu/(3967:3967): Se conecto el kernel
[INFO] 20:37:58:209 Cpu/(3967:3967): Entre a deserializar_cde
[INFO] 20:38:34:733 Cpu/(3967:3967): Recibi el codigo de operacion: 2
[INFO] 20:38:34:734 Cpu/(3967:3967): Recibi el tamanio: 0
[INFO] 20:38:34:734 Cpu/(3967:3967): Recibi el paquete
[INFO] 20:38:34:734 Cpu/(3967:3967): Empiezo a deserializar
[INFO] 20:55:14:945 Cpu/(4578:4578): Listo para escuchar a mi cliente
[INFO] 20:55:26:310 Cpu/(4578:4578): Se conecto un cliente!
[INFO] 20:55:26:310 Cpu/(4578:4578): Se conecto el kernel
[INFO] 20:55:26:310 Cpu/(4578:4578): Entre a deserializar_cde
[INFO] 20:55:57:800 Cpu/(4578:4578): Recibi el codigo de operacion: 2
[INFO] 20:55:57:800 Cpu/(4578:4578): Recibi el tamanio: 0
[INFO] 20:55:57:800 Cpu/(4578:4578): Recibi el paquete
[INFO] 20:55:57:800 Cpu/(4578:4578): Empiezo a deserializar
[INFO] 20:55:57:800 Cpu/(4578:4578): Termine de deserializar.
[INFO] 20:55:57:800 Cpu/(4578:4578): PID: -1914836723
[INFO] 20:55:57:800 Cpu/(4578:4578): PC: 21989
[INFO] 20:55:57:800 Cpu/(4578:4578): Estado: 56
[INFO] 23:05:08:431 Cpu/(6792:6792): Listo para escuchar a mi cliente
[INFO] 23:05:25:409 Cpu/(6792:6792): Se conecto un cliente!
[INFO] 23:05:25:409 Cpu/(6792:6792): Se conecto el kernel
[INFO] 23:05:25:409 Cpu/(6792:6792): Entre a deserializar_cde
[INFO] 23:06:57:251 Cpu/(6792:6792): Recibi el codigo de operacion: 2
[INFO] 23:06:57:251 Cpu/(6792:6792): Recibi el tamanio: 0
[INFO] 23:06:57:251 Cpu/(6792:6792): Recibi el paquete
[INFO] 23:06:57:251 Cpu/(6792:6792): Empiezo a deserializar
[INFO] 23:09:16:616 Cpu/(7035:7035): Listo para escuchar a mi cliente
[INFO] 23:09:26:306 Cpu/(7035:7035): Se conecto un cliente!
[INFO] 23:09:26:308 Cpu/(7035:7035): Se conecto el kernel
[INFO] 23:09:26:308 Cpu/(7035:7035): Entre a deserializar_cde
[INFO] 23:09:53:128 Cpu/(7035:7035): Recibi el codigo de operacion: 2
[INFO] 23:09:53:128 Cpu/(7035:7035): Recibi el tamanio: 0
[INFO] 23:09:53:128 Cpu/(7035:7035): Recibi el paquete
[INFO] 23:09:53:128 Cpu/(7035:7035): Empiezo a deserializar
[INFO] 23:09:53:128 Cpu/(7035:7035): PID: -1198104959
[INFO] 23:09:53:128 Cpu/(7035:7035): PC: 21958
[INFO] 23:09:53:128 Cpu/(7035:7035): Tam lista instrucciones: 0
[INFO] 23:11:28:081 Cpu/(7123:7123): Listo para escuchar a mi cliente
[INFO] 23:11:36:828 Cpu/(7123:7123): Se conecto un cliente!
[INFO] 23:11:36:830 Cpu/(7123:7123): Se conecto el kernel
[INFO] 23:11:36:832 Cpu/(7123:7123): Entre a deserializar_cde
[INFO] 23:11:48:188 Cpu/(7123:7123): Recibi el codigo de operacion: 2
[INFO] 23:11:48:189 Cpu/(7123:7123): Recibi el tamanio: 0
[INFO] 23:11:48:189 Cpu/(7123:7123): Recibi el paquete
[INFO] 23:11:48:189 Cpu/(7123:7123): Empiezo a deserializar
[INFO] 23:11:48:191 Cpu/(7123:7123): PID: 0
[INFO] 23:11:48:192 Cpu/(7123:7123): PC: 0
[INFO] 23:11:48:192 Cpu/(7123:7123): Tam lista instrucciones: 0
[INFO] 23:41:48:821 Cpu/(8890:8890): Listo para escuchar a mi cliente
[INFO] 23:42:15:108 Cpu/(8890:8890): Se conecto un cliente!
[INFO] 23:42:15:109 Cpu/(8890:8890): Se conecto el kernel
[INFO] 23:43:40:942 Cpu/(9019:9019): Listo para escuchar a mi cliente
[INFO] 23:43:48:744 Cpu/(9019:9019): Se conecto un cliente!
[INFO] 23:43:48:744 Cpu/(9019:9019): Se conecto el kernel
[INFO] 23:43:48:744 Cpu/(9019:9019): Entre a deserializar_cde
[INFO] 23:44:10:288 Cpu/(9019:9019): Recibi el codigo de operacion: -1
[INFO] 23:46:59:013 Cpu/(9192:9192): Listo para escuchar a mi cliente
[INFO] 23:47:03:621 Cpu/(9192:9192): Se conecto un cliente!
[INFO] 23:47:03:621 Cpu/(9192:9192): Se conecto el kernel
[INFO] 23:47:03:621 Cpu/(9192:9192): Entre a deserializar_cde
[INFO] 23:49:03:124 Cpu/(9192:9192): Recibi el codigo de operacion: -1
[INFO] 23:50:01:113 Cpu/(9269:9269): Listo para escuchar a mi cliente
[INFO] 23:50:30:284 Cpu/(9269:9269): Se conecto un cliente!
[INFO] 23:50:30:284 Cpu/(9269:9269): Se conecto el kernel
[INFO] 23:50:30:285 Cpu/(9269:9269): Entre a deserializar_cde
[INFO] 23:51:45:778 Cpu/(9269:9269): Recibi el codigo de operacion: -1
[INFO] 23:52:22:684 Cpu/(9348:9348): Listo para escuchar a mi cliente
[INFO] 23:52:57:711 Cpu/(9380:9380): Listo para escuchar a mi cliente
[INFO] 23:53:26:000 Cpu/(9399:9399): Listo para escuchar a mi cliente
[INFO] 23:53:37:688 Cpu/(9399:9399): Se conecto un cliente!
[INFO] 23:53:37:689 Cpu/(9399:9399): Se conecto el kernel
[INFO] 23:53:37:689 Cpu/(9399:9399): Entre a deserializar_cde
[INFO] 23:54:47:964 Cpu/(9399:9399): Recibi el codigo de operacion: -1
[INFO] 01:10:07:412 Cpu/(3072:3072): Listo para escuchar a mi cliente
[INFO] 01:10:21:915 Cpu/(3072:3072): Se conecto un cliente!
[INFO] 01:10:21:915 Cpu/(3072:3072): Se conecto el kernel
[INFO] 01:15:01:592 Cpu/(3293:3293): Listo para escuchar a mi cliente
[INFO] 01:15:43:981 Cpu/(3293:3293): Se conecto un cliente!
[INFO] 01:15:43:981 Cpu/(3293:3293): Se conecto el kernel
[INFO] 01:15:43:981 Cpu/(3293:3293): Tamanio del buffer: 0
[INFO] 01:15:43:981 Cpu/(3293:3293): Ya recibi el stream.
[INFO] 01:18:09:483 Cpu/(3502:3502): Listo para escuchar a mi cliente
[INFO] 01:19:20:450 Cpu/(3502:3502): Se conecto un cliente!
[INFO] 01:19:49:060 Cpu/(3502:3502): Se conecto el kernel
[INFO] 01:20:40:664 Cpu/(3502:3502): Tamanio del buffer: 0
[INFO] 01:20:48:138 Cpu/(3502:3502): Ya recibi el stream.
[INFO] 01:21:38:553 Cpu/(3502:3502): PU
[INFO] 21:57:30:448 Cpu/(2342:2342): Listo para escuchar a mi cliente
[INFO] 21:57:45:720 Cpu/(2342:2342): Se conecto un cliente!
[INFO] 21:57:45:721 Cpu/(2342:2342): Se conecto el kernel
[INFO] 21:58:08:793 Cpu/(2342:2342): Tamanio del buffer: 0
[INFO] 21:58:08:794 Cpu/(2342:2342): Ya recibi el stream.
[INFO] 21:59:28:127 Cpu/(2445:2445): Listo para escuchar a mi cliente
[INFO] 21:59:33:897 Cpu/(2445:2445): Se conecto un cliente!
[INFO] 21:59:33:897 Cpu/(2445:2445): Se conecto el kernel
[INFO] 21:59:33:898 Cpu/(2445:2445): Tamanio del buffer: 0
[INFO] 21:59:33:898 Cpu/(2445:2445): Ya recibi el stream.
[INFO] 22:06:07:936 Cpu/(2696:2696): Listo para escuchar a mi cliente
[INFO] 22:06:11:851 Cpu/(2696:2696): Se conecto un cliente!
[INFO] 22:06:11:852 Cpu/(2696:2696): Se conecto el kernel
[INFO] 22:06:11:852 Cpu/(2696:2696): Tamanio del buffer: 0
[INFO] 22:06:11:852 Cpu/(2696:2696): Ya recibi el stream.
[INFO] 22:10:23:657 Cpu/(2811:2811): Listo para escuchar a mi cliente
[INFO] 22:10:27:757 Cpu/(2811:2811): Se conecto un cliente!
[INFO] 22:10:27:757 Cpu/(2811:2811): Se conecto el kernel
[INFO] 22:10:27:758 Cpu/(2811:2811): Tamanio del buffer: 0
[INFO] 22:10:27:758 Cpu/(2811:2811): Ya recibi el stream.
[INFO] 22:11:26:621 Cpu/(2932:2932): Listo para escuchar a mi cliente
[INFO] 22:13:24:757 Cpu/(3072:3072): Listo para escuchar a mi cliente
[INFO] 22:13:28:957 Cpu/(3072:3072): Se conecto un cliente!
[INFO] 22:13:28:957 Cpu/(3072:3072): Se conecto el kernel
[INFO] 22:13:28:957 Cpu/(3072:3072): Tamanio del buffer: 0
[INFO] 22:13:28:957 Cpu/(3072:3072): Ya recibi el stream.
[INFO] 22:13:44:407 Cpu/(3107:3107): Listo para escuchar a mi cliente
[INFO] 22:13:53:744 Cpu/(3107:3107): Se conecto un cliente!
[INFO] 22:13:53:747 Cpu/(3107:3107): Se conecto el kernel
[INFO] 22:13:53:770 Cpu/(3107:3107): Tamanio del buffer: 0
[INFO] 22:13:53:773 Cpu/(3107:3107): Ya recibi el stream.
[INFO] 22:13:53:776 Cpu/(3107:3107): 
[INFO] 22:13:53:777 Cpu/(3107:3107): 
[INFO] 22:13:53:779 Cpu/(3107:3107): 0
[INFO] 22:18:24:869 Cpu/(3427:3427): Listo para escuchar a mi cliente
[INFO] 22:18:30:088 Cpu/(3427:3427): Se conecto un cliente!
[INFO] 22:18:30:088 Cpu/(3427:3427): Se conecto el kernel
[INFO] 22:18:30:089 Cpu/(3427:3427): Tamanio del buffer: 0
[INFO] 22:18:30:089 Cpu/(3427:3427): Ya recibi el stream.
[INFO] 22:18:52:073 Cpu/(3502:3502): Listo para escuchar a mi cliente
[INFO] 22:18:56:682 Cpu/(3502:3502): Se conecto un cliente!
[INFO] 22:18:56:684 Cpu/(3502:3502): Se conecto el kernel
[INFO] 22:18:56:685 Cpu/(3502:3502): Tamanio del buffer: 0
[INFO] 22:18:56:686 Cpu/(3502:3502): Ya recibi el stream.
[INFO] 22:18:56:687 Cpu/(3502:3502): 
[INFO] 22:18:56:688 Cpu/(3502:3502): 
[INFO] 22:18:56:689 Cpu/(3502:3502): 0
[INFO] 22:20:20:022 Cpu/(3598:3598): Listo para escuchar a mi cliente
[INFO] 22:20:28:386 Cpu/(3598:3598): Se conecto un cliente!
[INFO] 22:20:28:388 Cpu/(3598:3598): Se conecto el kernel
[INFO] 22:20:28:396 Cpu/(3598:3598): Tamanio del buffer: 10
[INFO] 22:20:28:396 Cpu/(3598:3598): Ya recibi el stream.
[INFO] 22:24:24:242 Cpu/(4449:4449): Listo para escuchar a mi cliente
[INFO] 22:24:28:390 Cpu/(4449:4449): Se conecto un cliente!
[INFO] 22:24:28:391 Cpu/(4449:4449): Se conecto el kernel
[INFO] 22:24:28:391 Cpu/(4449:4449): Tamanio del buffer: 10
[INFO] 22:24:28:397 Cpu/(4449:4449): Ya recibi el stream.
[INFO] 22:27:03:806 Cpu/(4529:4529): Listo para escuchar a mi cliente
[INFO] 22:27:09:656 Cpu/(4529:4529): Se conecto un cliente!
[INFO] 22:27:09:657 Cpu/(4529:4529): Se conecto el kernel
[INFO] 22:27:09:672 Cpu/(4529:4529): Tamanio del buffer: 10
[INFO] 22:27:09:672 Cpu/(4529:4529): Ya recibi el stream.
[INFO] 22:27:09:674 Cpu/(4529:4529): 
[INFO] 22:27:09:682 Cpu/(4529:4529): 
[INFO] 22:27:09:684 Cpu/(4529:4529): 0
[INFO] 22:30:33:366 Cpu/(4661:4661): Listo para escuchar a mi cliente
[INFO] 22:30:43:067 Cpu/(4661:4661): Se conecto un cliente!
[INFO] 22:30:43:069 Cpu/(4661:4661): Se conecto el kernel
[INFO] 22:30:43:072 Cpu/(4661:4661): Tamanio del buffer: 10
[INFO] 22:30:43:073 Cpu/(4661:4661): Ya recibi el stream.
[INFO] 22:30:43:076 Cpu/(4661:4661): 
[INFO] 22:30:43:077 Cpu/(4661:4661): 
[INFO] 22:30:43:087 Cpu/(4661:4661): 0
[INFO] 22:34:11:598 Cpu/(4797:4797): Listo para escuchar a mi cliente
[INFO] 22:34:15:978 Cpu/(4797:4797): Se conecto un cliente!
[INFO] 22:34:15:978 Cpu/(4797:4797): Se conecto el kernel
[INFO] 22:34:15:987 Cpu/(4797:4797): Tamanio del buffer: 4
[INFO] 22:34:15:989 Cpu/(4797:4797): Ya recibi el stream.
[INFO] 22:35:58:112 Cpu/(4893:4893): Listo para escuchar a mi cliente
[INFO] 22:36:03:619 Cpu/(4893:4893): Se conecto un cliente!
[INFO] 22:36:03:619 Cpu/(4893:4893): Se conecto el kernel
[INFO] 22:36:03:625 Cpu/(4893:4893): Tamanio del buffer: 4
[INFO] 22:36:03:625 Cpu/(4893:4893): Ya recibi el stream.
[INFO] 22:37:08:170 Cpu/(4977:4977): Listo para escuchar a mi cliente
[INFO] 22:37:13:278 Cpu/(4977:4977): Se conecto un cliente!
[INFO] 22:37:13:278 Cpu/(4977:4977): Se conecto el kernel
[INFO] 22:37:13:279 Cpu/(4977:4977): Tamanio del buffer: 4
[INFO] 22:37:13:279 Cpu/(4977:4977): Ya recibi el stream.
[INFO] 22:37:39:272 Cpu/(5009:5009): Listo para escuchar a mi cliente
[INFO] 22:37:43:746 Cpu/(5009:5009): Se conecto un cliente!
[INFO] 22:37:43:748 Cpu/(5009:5009): Se conecto el kernel
[INFO] 22:37:43:749 Cpu/(5009:5009): Tamanio del buffer: 4
[INFO] 22:37:43:750 Cpu/(5009:5009): Ya recibi el stream.
[INFO] 22:40:27:698 Cpu/(5101:5101): Listo para escuchar a mi cliente
[INFO] 22:40:32:599 Cpu/(5101:5101): Se conecto un cliente!
[INFO] 22:40:32:600 Cpu/(5101:5101): Se conecto el kernel
[INFO] 22:43:49:722 Cpu/(5231:5231): Listo para escuchar a mi cliente
[INFO] 22:43:53:726 Cpu/(5231:5231): Se conecto un cliente!
[INFO] 22:43:53:727 Cpu/(5231:5231): Se conecto el kernel
[INFO] 22:44:12:082 Cpu/(5231:5231): Tamanio del buffer: 4
[INFO] 22:44:28:451 Cpu/(5231:5231): Ya recibi el stream.
[INFO] 22:46:31:571 Cpu/(5348:5348): Listo para escuchar a mi cliente
[INFO] 22:46:34:917 Cpu/(5348:5348): Se conecto un cliente!
[INFO] 22:46:34:917 Cpu/(5348:5348): Se conecto el kernel
[INFO] 22:46:34:918 Cpu/(5348:5348): Tamanio del buffer: 23
[INFO] 22:46:34:918 Cpu/(5348:5348): Ya recibi el stream.
[INFO] 22:47:41:509 Cpu/(5468:5468): Listo para escuchar a mi cliente
[INFO] 22:47:45:658 Cpu/(5468:5468): Se conecto un cliente!
[INFO] 22:47:45:658 Cpu/(5468:5468): Se conecto el kernel
[INFO] 22:47:45:659 Cpu/(5468:5468): Tamanio del buffer: 23
[INFO] 22:47:45:659 Cpu/(5468:5468): Ya recibi el stream.
[INFO] 22:47:45:659 Cpu/(5468:5468): CHAUeU
[INFO] 22:47:45:659 Cpu/(5468:5468): HOLA123
[INFO] 22:47:45:659 Cpu/(5468:5468): 10
[INFO] 22:49:07:446 Cpu/(5520:5520): Listo para escuchar a mi cliente
[INFO] 22:49:51:960 Cpu/(5560:5560): Listo para escuchar a mi cliente
[INFO] 22:49:59:775 Cpu/(5560:5560): Se conecto un cliente!
[INFO] 22:49:59:775 Cpu/(5560:5560): Se conecto el kernel
[INFO] 22:49:59:776 Cpu/(5560:5560): Tamanio del buffer: 23
[INFO] 22:49:59:776 Cpu/(5560:5560): Ya recibi el stream.
[INFO] 22:49:59:776 Cpu/(5560:5560): CHAU(V
[INFO] 22:49:59:776 Cpu/(5560:5560): HOLA123
[INFO] 22:49:59:776 Cpu/(5560:5560): 10
[INFO] 22:50:17:077 Cpu/(5589:5589): Listo para escuchar a mi cliente
[INFO] 22:50:38:383 Cpu/(5615:5615): Listo para escuchar a mi cliente
[INFO] 22:52:29:429 Cpu/(5651:5651): Listo para escuchar a mi cliente
[INFO] 22:52:33:661 Cpu/(5651:5651): Se conecto un cliente!
[INFO] 22:52:33:661 Cpu/(5651:5651): Se conecto el kernel
[INFO] 22:52:33:662 Cpu/(5651:5651): Tamanio del buffer: 23
[INFO] 22:52:33:662 Cpu/(5651:5651): Ya recibi el stream.
[INFO] 22:52:33:662 Cpu/(5651:5651): CHAUV
[INFO] 22:52:33:662 Cpu/(5651:5651): HOLA123
[INFO] 22:52:33:662 Cpu/(5651:5651): 10
[INFO] 22:52:47:019 Cpu/(5684:5684): Listo para escuchar a mi cliente
[INFO] 22:52:50:131 Cpu/(5684:5684): Se conecto un cliente!
[INFO] 22:52:50:134 Cpu/(5684:5684): Se conecto el kernel
[INFO] 22:52:50:141 Cpu/(5684:5684): Tamanio del buffer: 23
[INFO] 22:52:50:141 Cpu/(5684:5684): Ya recibi el stream.
[INFO] 22:52:50:146 Cpu/(5684:5684): CHAU
[INFO] 22:52:50:146 Cpu/(5684:5684): HOLA123
[INFO] 22:52:50:171 Cpu/(5684:5684): 10
[INFO] 22:54:11:023 Cpu/(5731:5731): Listo para escuchar a mi cliente
[INFO] 22:54:17:795 Cpu/(5731:5731): Se conecto un cliente!
[INFO] 22:54:17:798 Cpu/(5731:5731): Se conecto el kernel
[INFO] 22:54:17:835 Cpu/(5731:5731): Tamanio del buffer: 23
[INFO] 22:54:17:836 Cpu/(5731:5731): Ya recibi el stream.
[INFO] 22:54:17:841 Cpu/(5731:5731): CHAU
[INFO] 22:54:17:842 Cpu/(5731:5731): HOLA123
[INFO] 22:54:17:844 Cpu/(5731:5731): 10
[INFO] 00:37:28:802 Cpu/(5520:5520): Listo para escuchar a mi cliente
[INFO] 00:38:45:350 Cpu/(5520:5520): Se conecto un cliente!
[INFO] 00:38:45:350 Cpu/(5520:5520): Se conecto el kernel
[INFO] 00:38:45:354 Cpu/(5520:5520): Tamanio del buffer: 23
[INFO] 00:38:45:354 Cpu/(5520:5520): Ya recibi el stream.
[INFO] 00:38:45:354 Cpu/(5520:5520): CHAUsU
[INFO] 00:38:45:354 Cpu/(5520:5520): HOLA123
[INFO] 00:38:45:354 Cpu/(5520:5520): 10
[INFO] 01:47:22:067 Cpu/(6322:6322): Listo para escuchar a mi cliente
[INFO] 20:59:37:012 Cpu/(6657:6657): Listo para escuchar a mi cliente
[INFO] 21:00:59:527 Cpu/(6784:6784): Listo para escuchar a mi cliente
[INFO] 21:01:45:963 Cpu/(6956:6956): Listo para escuchar a mi cliente
[INFO] 21:04:23:805 Cpu/(7272:7272): Listo para escuchar a mi cliente
[INFO] 21:05:09:318 Cpu/(7469:7469): Listo para escuchar a mi cliente
[INFO] 21:05:32:999 Cpu/(7490:7490): Listo para escuchar a mi cliente
[INFO] 21:06:57:939 Cpu/(7584:7584): Listo para escuchar a mi cliente
[INFO] 21:11:21:115 Cpu/(8022:8022): Listo para escuchar a mi cliente
[INFO] 21:13:07:482 Cpu/(8174:8174): Listo para escuchar a mi cliente
[INFO] 21:13:46:836 Cpu/(8216:8216): Listo para escuchar a mi cliente
[INFO] 21:16:03:671 Cpu/(8460:8460): Listo para escuchar a mi cliente
[INFO] 21:17:31:801 Cpu/(8551:8551): Listo para escuchar a mi cliente
[INFO] 21:17:38:867 Cpu/(8551:8551): Se conecto un cliente!
[INFO] 21:17:38:869 Cpu/(8551:8551): Conectado con kernel
[INFO] 21:17:38:871 Cpu/(8551:8551): Handshake con CPU realizado.
[INFO] 22:56:51:425 Cpu/(2716:2716): Listo para escuchar a mi cliente
[INFO] 22:56:58:285 Cpu/(2716:2716): Conectado con kernel
[INFO] 22:56:58:290 Cpu/(2716:2716): Handshake con CPU realizado.
[INFO] 23:24:44:582 Cpu/(4554:4554): Listo para escuchar a mi cliente
[INFO] 23:25:56:761 Cpu/(4657:4657): Listo para escuchar a mi cliente
[INFO] 23:26:09:571 Cpu/(4657:4657): Conectado con kernel
[INFO] 23:26:09:572 Cpu/(4657:4657): Handshake con CPU realizado.
[INFO] 23:38:15:229 Cpu/(5142:5142): Listo para escuchar a mi cliente
[INFO] 23:38:40:933 Cpu/(5142:5142): Conectado con kernel
[INFO] 23:38:40:933 Cpu/(5142:5142): Handshake con CPU realizado.
[INFO] 23:42:08:589 Cpu/(5381:5381): Listo para escuchar a mi cliente
[INFO] 23:42:16:821 Cpu/(5381:5381): Conectado con kernel
[INFO] 23:42:16:822 Cpu/(5381:5381): Handshake con CPU realizado.
[INFO] 23:43:43:777 Cpu/(5524:5524): Listo para escuchar a mi cliente
[INFO] 23:52:09:433 Cpu/(5747:5747): Listo para escuchar a mi cliente
[INFO] 23:52:59:664 Cpu/(5747:5747): Conectado con kernel
[INFO] 23:53:22:713 Cpu/(5747:5747): Handshake con CPU realizado.
[INFO] 00:01:22:803 Cpu/(6934:6934): Listo para escuchar a mi cliente
[INFO] 00:01:31:936 Cpu/(6960:6960): Listo para escuchar a mi cliente
[INFO] 00:03:29:550 Cpu/(7015:7015): Listo para escuchar a mi cliente
[INFO] 00:03:37:719 Cpu/(7015:7015): Conectado con kernel
[INFO] 00:03:37:719 Cpu/(7015:7015): Handshake con CPU realizado.
[INFO] 00:11:39:305 Cpu/(7449:7449): Listo para escuchar a mi cliente
[INFO] 00:11:52:773 Cpu/(7449:7449): Conectado con kernel
[INFO] 00:11:52:773 Cpu/(7449:7449): Handshake con CPU realizado.
[INFO] 00:11:52:773 Cpu/(7449:7449): Posteo(espero_cde)
[INFO] 00:11:52:844 Cpu/(7449:7487): Proceso en ejecucion: 0
[INFO] 00:12:45:910 Cpu/(7541:7541): Listo para escuchar a mi cliente
[INFO] 00:13:27:460 Cpu/(7616:7616): Listo para escuchar a mi cliente
[INFO] 00:13:31:877 Cpu/(7616:7616): Conectado con kernel
[INFO] 00:13:31:877 Cpu/(7616:7616): Handshake con CPU realizado.
[INFO] 00:13:31:878 Cpu/(7616:7616): Posteo(espero_cde)
[INFO] 00:13:31:920 Cpu/(7616:7640): Proceso en ejecucion: 15
[INFO] 00:20:07:348 Cpu/(7815:7815): Listo para escuchar a mi cliente
[INFO] 00:20:12:919 Cpu/(7815:7815): Conectado con kernel
[INFO] 00:20:12:920 Cpu/(7815:7815): Handshake con CPU realizado.
[INFO] 00:20:12:920 Cpu/(7815:7815): Posteo(espero_cde)
[INFO] 00:20:12:972 Cpu/(7815:7855): Proceso en ejecucion: 15
[INFO] 00:21:44:088 Cpu/(7929:7929): Listo para escuchar a mi cliente
[INFO] 00:23:31:247 Cpu/(8022:8022): Listo para escuchar a mi cliente
[INFO] 00:23:36:162 Cpu/(8022:8022): Conectado con kernel
[INFO] 00:23:36:164 Cpu/(8022:8022): Handshake con CPU realizado.
[INFO] 00:23:36:165 Cpu/(8022:8022): Posteo(espero_cde)
[INFO] 00:23:36:226 Cpu/(8022:8055): Proceso en ejecucion: 15
[INFO] 00:27:10:655 Cpu/(8178:8178): Listo para escuchar a mi cliente
[INFO] 00:28:57:633 Cpu/(8235:8235): Listo para escuchar a mi cliente
[INFO] 00:29:03:835 Cpu/(8235:8235): Conectado con kernel
[INFO] 00:29:03:836 Cpu/(8235:8235): Handshake con CPU realizado.
[INFO] 00:29:03:836 Cpu/(8235:8235): Posteo(espero_cde)
[INFO] 00:29:03:897 Cpu/(8235:8254): Proceso en ejecucion: 15
[INFO] 00:31:29:005 Cpu/(1868:1868): Listo para escuchar a mi cliente
[INFO] 00:31:34:348 Cpu/(1868:1868): Conectado con kernel
[INFO] 00:31:34:355 Cpu/(1868:1868): Handshake con CPU realizado.
[INFO] 00:31:34:356 Cpu/(1868:1868): Posteo(espero_cde)
[INFO] 00:31:34:439 Cpu/(1868:1884): Proceso en ejecucion: 15
[INFO] 00:32:48:490 Cpu/(2252:2252): Listo para escuchar a mi cliente
[INFO] 00:32:54:259 Cpu/(2252:2252): Conectado con kernel
[INFO] 00:32:54:259 Cpu/(2252:2252): Handshake con CPU realizado.
[INFO] 00:32:54:259 Cpu/(2252:2252): Posteo(espero_cde)
[INFO] 00:32:54:316 Cpu/(2252:2277): Proceso en ejecucion: 15
[INFO] 00:43:51:508 Cpu/(2691:2691): Listo para escuchar a mi cliente
[INFO] 00:43:57:074 Cpu/(2691:2691): Conectado con kernel
[INFO] 00:43:57:075 Cpu/(2691:2691): Handshake con CPU realizado.
[INFO] 00:43:57:076 Cpu/(2691:2691): Posteo(espero_cde)
[INFO] 00:43:57:139 Cpu/(2691:2731): Proceso en ejecucion: 15
[INFO] 00:43:57:140 Cpu/(2691:2731): Proceso en ejecucion: 15
[INFO] 00:47:16:898 Cpu/(2806:2806): Listo para escuchar a mi cliente
[INFO] 00:47:21:654 Cpu/(2806:2806): Conectado con kernel
[INFO] 00:47:21:655 Cpu/(2806:2806): Handshake con CPU realizado.
[INFO] 00:47:21:655 Cpu/(2806:2806): Posteo(espero_cde)
[INFO] 00:47:21:737 Cpu/(2806:2839): Proceso en ejecucion: 15
[INFO] 00:49:50:417 Cpu/(3004:3004): Listo para escuchar a mi cliente
[INFO] 00:49:55:125 Cpu/(3004:3004): Conectado con kernel
[INFO] 00:49:55:127 Cpu/(3004:3004): Handshake con CPU realizado.
[INFO] 00:49:55:127 Cpu/(3004:3004): Posteo(espero_cde)
[INFO] 00:49:55:187 Cpu/(3004:3038): Proceso en ejecucion: 15
[INFO] 00:49:55:187 Cpu/(3004:3038): A punto de enviar el cde a kernel
[INFO] 00:49:55:187 Cpu/(3004:3038): Envie el cde a kernel
[INFO] 00:53:17:695 Cpu/(3169:3169): Listo para escuchar a mi cliente
[INFO] 00:53:23:101 Cpu/(3169:3169): Conectado con kernel
[INFO] 00:53:23:102 Cpu/(3169:3169): Handshake con CPU realizado.
[INFO] 00:53:23:102 Cpu/(3169:3169): Posteo(espero_cde)
[INFO] 00:53:23:168 Cpu/(3169:3207): Proceso en ejecucion: 15
[INFO] 00:53:23:168 Cpu/(3169:3207): A punto de enviar el cde a kernel
[INFO] 00:53:23:168 Cpu/(3169:3207): Envie el cde a kernel
[INFO] 01:01:37:244 Cpu/(3479:3479): Listo para escuchar a mi cliente
[INFO] 01:02:42:198 Cpu/(3479:3479): Conectado con kernel
[INFO] 01:02:42:199 Cpu/(3479:3479): Handshake con CPU realizado.
[INFO] 01:02:42:199 Cpu/(3479:3479): Posteo(espero_cde)
[INFO] 01:02:42:292 Cpu/(3479:3591): Proceso en ejecucion: 15
[INFO] 01:02:42:292 Cpu/(3479:3591): A punto de enviar el cde a kernel
[INFO] 01:02:42:292 Cpu/(3479:3591): Envie el cde a kernel
[INFO] 01:05:33:896 Cpu/(3648:3648): Listo para escuchar a mi cliente
[INFO] 01:05:38:766 Cpu/(3648:3648): Conectado con kernel
[INFO] 01:05:38:766 Cpu/(3648:3648): Handshake con CPU realizado.
[INFO] 01:05:38:766 Cpu/(3648:3648): Posteo(espero_cde)
[INFO] 01:05:38:993 Cpu/(3648:3690): Proceso en ejecucion: 15
[INFO] 01:05:38:993 Cpu/(3648:3690): A punto de enviar el cde a kernel
[INFO] 01:05:38:993 Cpu/(3648:3690): Envie el cde a kernel
[INFO] 13:08:35:888 Cpu/(2778:2778): Listo para escuchar a mi cliente
[INFO] 13:08:44:427 Cpu/(2778:2778): Conectado con kernel
[INFO] 13:08:44:427 Cpu/(2778:2778): Handshake con CPU realizado.
[INFO] 13:08:44:471 Cpu/(2778:2813): Proceso en ejecucion: 15
[INFO] 13:08:44:471 Cpu/(2778:2813): A punto de enviar el cde a kernel
[INFO] 13:08:44:471 Cpu/(2778:2813): Envie el cde a kernel
[INFO] 13:09:51:807 Cpu/(2847:2847): Listo para escuchar a mi cliente
[INFO] 13:09:59:919 Cpu/(2847:2847): Conectado con kernel
[INFO] 13:09:59:919 Cpu/(2847:2847): Handshake con CPU realizado.
[INFO] 13:09:59:966 Cpu/(2847:2864): Proceso en ejecucion: 15
[INFO] 13:09:59:966 Cpu/(2847:2864): A punto de enviar el cde a kernel
[INFO] 13:09:59:966 Cpu/(2847:2864): Envie el cde a kernel
[INFO] 13:10:00:053 Cpu/(2847:2864): Proceso en ejecucion: 17
[INFO] 13:10:00:054 Cpu/(2847:2864): A punto de enviar el cde a kernel
[INFO] 13:10:00:054 Cpu/(2847:2864): Envie el cde a kernel
[INFO] 13:12:26:175 Cpu/(2886:2886): Listo para escuchar a mi cliente
[INFO] 13:14:59:529 Cpu/(2933:2933): Listo para escuchar a mi cliente
[INFO] 13:15:07:660 Cpu/(2933:2933): Conectado con kernel
[INFO] 13:15:07:660 Cpu/(2933:2933): Handshake con CPU realizado.
[INFO] 13:15:07:702 Cpu/(2933:2952): Proceso en ejecucion: 15
[INFO] 13:15:07:702 Cpu/(2933:2952): A punto de enviar el cde a kernel
[INFO] 13:15:07:702 Cpu/(2933:2952): Envie el cde a kernel
[INFO] 13:15:07:794 Cpu/(2933:2952): Proceso en ejecucion: 17
[INFO] 13:15:07:794 Cpu/(2933:2952): A punto de enviar el cde a kernel
[INFO] 13:15:07:794 Cpu/(2933:2952): Envie el cde a kernel
[INFO] 13:15:07:881 Cpu/(2933:2952): Proceso en ejecucion: 19
[INFO] 13:15:07:881 Cpu/(2933:2952): A punto de enviar el cde a kernel
[INFO] 13:15:07:881 Cpu/(2933:2952): Envie el cde a kernel
[INFO] 13:32:01:588 Cpu/(3077:3077): Listo para escuchar a mi cliente
[INFO] 13:32:11:431 Cpu/(3077:3077): Conectado con kernel
[INFO] 13:32:11:432 Cpu/(3077:3077): Handshake con CPU realizado.
[INFO] 13:34:00:695 Cpu/(3157:3157): Listo para escuchar a mi cliente
[INFO] 13:34:11:575 Cpu/(3157:3157): Conectado con kernel
[INFO] 13:34:11:575 Cpu/(3157:3157): Handshake con CPU realizado.
[INFO] 13:35:53:453 Cpu/(3225:3225): Listo para escuchar a mi cliente
[INFO] 13:36:15:497 Cpu/(3225:3225): Conectado con kernel
[INFO] 13:36:15:497 Cpu/(3225:3225): Handshake con CPU realizado.
[INFO] 13:36:44:758 Cpu/(3225:3286): Proceso en ejecucion: 15
[INFO] 13:36:44:758 Cpu/(3225:3286): A punto de enviar el cde a kernel
[INFO] 13:36:44:758 Cpu/(3225:3286): Envie el cde a kernel
[INFO] 13:46:15:302 Cpu/(3538:3538): Listo para escuchar a mi cliente
[INFO] 13:46:56:151 Cpu/(3538:3538): Conectado con kernel
[INFO] 13:46:56:151 Cpu/(3538:3538): Handshake con Kernel realizado.
[INFO] 13:47:11:899 Cpu/(3538:3555): Proceso en ejecucion: 15
[INFO] 13:50:23:634 Cpu/(3596:3596): Listo para escuchar a mi cliente
[INFO] 13:50:34:250 Cpu/(3596:3596): Conectado con kernel
[INFO] 13:50:34:250 Cpu/(3596:3596): Handshake con Kernel realizado.
[INFO] 13:50:42:391 Cpu/(3596:3614): Proceso en ejecucion: 15
[INFO] 13:52:36:271 Cpu/(3671:3671): Listo para escuchar a mi cliente
[INFO] 13:53:02:736 Cpu/(3671:3671): Conectado con kernel
[INFO] 13:53:08:109 Cpu/(3671:3671): Handshake con Kernel realizado.
[INFO] 13:59:12:257 Cpu/(3954:3954): Listo para escuchar a mi cliente
[INFO] 13:59:34:100 Cpu/(3954:3954): Conectado con kernel
[INFO] 13:59:44:718 Cpu/(3954:3954): Handshake con Kernel realizado.
[INFO] 14:14:51:004 Cpu/(5084:5084): Listo para escuchar a mi cliente
[INFO] 14:15:47:159 Cpu/(5146:5146): Listo para escuchar a mi cliente
[INFO] 14:15:54:534 Cpu/(5146:5146): Conectado con kernel
[INFO] 14:15:54:535 Cpu/(5146:5146): Handshake con Kernel realizado.
[INFO] 14:16:08:817 Cpu/(5146:5182): Proceso en ejecucion: 0
[INFO] 14:18:01:339 Cpu/(5234:5234): Listo para escuchar a mi cliente
[INFO] 14:18:09:835 Cpu/(5234:5234): Conectado con kernel
[INFO] 14:18:09:835 Cpu/(5234:5234): Handshake con Kernel realizado.
[INFO] 14:18:18:549 Cpu/(5234:5252): Proceso en ejecucion: 0
[INFO] 14:29:09:331 Cpu/(5670:5670): Listo para escuchar a mi cliente
[INFO] 14:29:16:557 Cpu/(5670:5670): Conectado con kernel
[INFO] 14:29:16:557 Cpu/(5670:5670): Handshake con Kernel realizado.
[INFO] 14:29:33:149 Cpu/(5670:5704): Proceso en ejecucion: 0
[INFO] 14:30:09:007 Cpu/(5734:5734): Listo para escuchar a mi cliente
[INFO] 14:32:02:879 Cpu/(5920:5920): Listo para escuchar a mi cliente
[INFO] 14:32:09:436 Cpu/(5920:5920): Conectado con kernel
[INFO] 14:32:09:436 Cpu/(5920:5920): Handshake con Kernel realizado.
[INFO] 14:33:10:594 Cpu/(5920:5938): Proceso en ejecucion: 0
[INFO] 14:33:30:390 Cpu/(6096:6096): Listo para escuchar a mi cliente
[INFO] 14:34:23:454 Cpu/(6125:6125): Listo para escuchar a mi cliente
[INFO] 14:34:40:381 Cpu/(6125:6125): Conectado con kernel
[INFO] 14:34:40:381 Cpu/(6125:6125): Handshake con Kernel realizado.
[INFO] 14:36:24:366 Cpu/(6125:6143): Proceso en ejecucion: 0
[INFO] 14:38:03:487 Cpu/(6365:6365): Listo para escuchar a mi cliente
[INFO] 14:38:11:654 Cpu/(6365:6365): Conectado con kernel
[INFO] 14:38:11:655 Cpu/(6365:6365): Handshake con Kernel realizado.
[INFO] 14:38:25:062 Cpu/(6365:6385): Proceso en ejecucion: 0
[INFO] 14:44:14:355 Cpu/(6554:6554): Listo para escuchar a mi cliente
[INFO] 14:44:23:994 Cpu/(6554:6554): Conectado con kernel
[INFO] 14:44:23:994 Cpu/(6554:6554): Handshake con Kernel realizado.
[INFO] 14:45:03:755 Cpu/(6620:6620): Listo para escuchar a mi cliente
[INFO] 14:56:27:396 Cpu/(6692:6692): Listo para escuchar a mi cliente
[INFO] 14:56:34:092 Cpu/(6692:6692): Conectado con kernel
[INFO] 14:56:34:093 Cpu/(6692:6692): Handshake con Kernel realizado.
[INFO] 14:56:44:398 Cpu/(6692:6711): Proceso en ejecucion: 0
[INFO] 15:56:28:751 Cpu/(8715:8715): Listo para escuchar a mi cliente
[INFO] 15:57:35:324 Cpu/(8909:8909): Listo para escuchar a mi cliente
[INFO] 15:58:31:119 Cpu/(8909:8909): Conectado con kernel
[INFO] 15:58:35:288 Cpu/(8909:8909): Handshake con Kernel realizado.
[INFO] 16:06:01:201 Cpu/(9231:9231): Listo para escuchar a mi cliente
[INFO] 16:06:13:685 Cpu/(9231:9231): Conectado con kernel
[INFO] 16:06:13:685 Cpu/(9231:9231): Handshake con Kernel realizado.
[INFO] 16:07:04:450 Cpu/(9304:9304): Listo para escuchar a mi cliente
[INFO] 16:07:14:870 Cpu/(9304:9304): Conectado con kernel
[INFO] 16:07:14:870 Cpu/(9304:9304): Handshake con Kernel realizado.
[INFO] 16:08:32:251 Cpu/(9378:9378): Listo para escuchar a mi cliente
[INFO] 16:08:53:328 Cpu/(9378:9378): Conectado con kernel
[INFO] 16:08:57:127 Cpu/(9378:9378): Handshake con Kernel realizado.
[INFO] 16:52:17:409 Cpu/(10062:10062): Listo para escuchar a mi cliente
[INFO] 16:53:38:526 Cpu/(10062:10062): Conectado con kernel
[INFO] 16:53:38:526 Cpu/(10062:10062): Handshake con Kernel realizado.
[INFO] 16:53:38:590 Cpu/(10062:10101): Proceso en ejecucion: 0
[INFO] 16:59:45:173 Cpu/(10238:10238): Listo para escuchar a mi cliente
[INFO] 16:59:53:382 Cpu/(10238:10238): Conectado con kernel
[INFO] 16:59:53:383 Cpu/(10238:10238): Handshake con Kernel realizado.
[INFO] 16:59:53:426 Cpu/(10238:10257): Proceso en ejecucion: 0
[INFO] 16:59:53:426 Cpu/(10238:10259): Evaluadndo instruccion: 0
[INFO] 16:59:53:426 Cpu/(10238:10258): A punto de enviar el cde a kernel
[INFO] 17:03:40:778 Cpu/(10347:10347): Listo para escuchar a mi cliente
[INFO] 17:03:58:907 Cpu/(10347:10347): Conectado con kernel
[INFO] 17:03:58:907 Cpu/(10347:10347): Handshake con Kernel realizado.
[INFO] 17:03:58:966 Cpu/(10347:10382): Proceso en ejecucion: 0
[INFO] 17:03:58:966 Cpu/(10347:10386): Evaluadndo instruccion: 0
[INFO] 17:03:58:966 Cpu/(10347:10383): A punto de enviar el cde a kernel
[INFO] 17:05:33:532 Cpu/(10474:10474): Listo para escuchar a mi cliente
[INFO] 17:05:46:124 Cpu/(10474:10474): Conectado con kernel
[INFO] 17:05:46:124 Cpu/(10474:10474): Handshake con Kernel realizado.
[INFO] 17:05:46:183 Cpu/(10474:10495): Proceso en ejecucion: 0
[INFO] 17:05:46:183 Cpu/(10474:10497): Evaluando instruccion Nro: 0  de 0
[INFO] 17:05:46:183 Cpu/(10474:10497): Por evaluar instruccion
[INFO] 17:07:13:776 Cpu/(10592:10592): Listo para escuchar a mi cliente
[INFO] 17:07:18:068 Cpu/(10592:10592): Conectado con kernel
[INFO] 17:07:18:069 Cpu/(10592:10592): Handshake con Kernel realizado.
[INFO] 17:07:18:126 Cpu/(10592:10612): Proceso en ejecucion: 0
[INFO] 17:07:18:126 Cpu/(10592:10614): A punto de enviar el cde a kernel
[INFO] 17:07:18:126 Cpu/(10592:10614): Envie el cde a kernel
[INFO] 17:07:18:126 Cpu/(10592:10615): Evaluando instruccion Nro: 0  de 0
[INFO] 17:07:18:128 Cpu/(10592:10615): Por evaluar instruccion: 2
[INFO] 17:07:18:129 Cpu/(10592:10615): PID: 0 - EJECUTANDO : SET - PARAMETROS: ( AX , AAAA )
[INFO] 17:07:18:130 Cpu/(10592:10615): xxxxxxxxxxxxxxxxxxxxxxxxxxxxxxxxxxxxxxxxxxxxxxxxxxxxxxxxxxxxxxxx
[INFO] 17:07:18:130 Cpu/(10592:10615): Evaluando instruccion Nro: 1  de 0
[INFO] 17:07:18:130 Cpu/(10592:10615): Por evaluar instruccion: 2
[INFO] 17:07:18:130 Cpu/(10592:10615): PID: 0 - EJECUTANDO : SET - PARAMETROS: ( BX , BBBB )
[INFO] 17:07:18:133 Cpu/(10592:10615): xxxxxxxxxxxxxxxxxxxxxxxxxxxxxxxxxxxxxxxxxxxxxxxxxxxxxxxxxxxxxxxx
[INFO] 17:07:18:133 Cpu/(10592:10615): Evaluando instruccion Nro: 2  de 0
[INFO] 17:07:18:133 Cpu/(10592:10615): Por evaluar instruccion: 2
[INFO] 17:07:18:133 Cpu/(10592:10615): PID: 0 - EJECUTANDO : SET - PARAMETROS: ( CX , CCCC )
[INFO] 17:07:18:134 Cpu/(10592:10615): xxxxxxxxxxxxxxxxxxxxxxxxxxxxxxxxxxxxxxxxxxxxxxxxxxxxxxxxxxxxxxxx
[INFO] 17:07:18:134 Cpu/(10592:10615): Evaluando instruccion Nro: 3  de 0
[INFO] 17:07:18:134 Cpu/(10592:10615): Por evaluar instruccion: 2
[INFO] 17:07:18:134 Cpu/(10592:10615): PID: 0 - EJECUTANDO : SET - PARAMETROS: ( DX , DDDD )
[INFO] 17:07:18:135 Cpu/(10592:10615): xxxxxxxxxxxxxxxxxxxxxxxxxxxxxxxxxxxxxxxxxxxxxxxxxxxxxxxxxxxxxxxx
[INFO] 17:07:18:136 Cpu/(10592:10615): Evaluando instruccion Nro: 4  de 0
[INFO] 17:07:18:136 Cpu/(10592:10615): Por evaluar instruccion: 2
[INFO] 17:07:18:136 Cpu/(10592:10615): PID: 0 - EJECUTANDO : SET - PARAMETROS: ( EAX , AAAAAAAA )
[INFO] 17:07:18:141 Cpu/(10592:10615): xxxxxxxxxxxxxxxxxxxxxxxxxxxxxxxxxxxxxxxxxxxxxxxxxxxxxxxxxxxxxxxx
[INFO] 17:07:18:141 Cpu/(10592:10615): Evaluando instruccion Nro: 5  de 0
[INFO] 17:07:18:141 Cpu/(10592:10615): Por evaluar instruccion: 2
[INFO] 17:07:18:141 Cpu/(10592:10615): PID: 0 - EJECUTANDO : SET - PARAMETROS: ( EBX , BBBBBBBB )
[INFO] 17:07:18:150 Cpu/(10592:10615): xxxxxxxxxxxxxxxxxxxxxxxxxxxxxxxxxxxxxxxxxxxxxxxxxxxxxxxxxxxxxxxx
[INFO] 17:07:18:150 Cpu/(10592:10615): Evaluando instruccion Nro: 6  de 0
[INFO] 17:07:18:150 Cpu/(10592:10615): Por evaluar instruccion: 2
[INFO] 17:07:18:150 Cpu/(10592:10615): PID: 0 - EJECUTANDO : SET - PARAMETROS: ( ECX , CCCCCCCC )
[INFO] 17:07:18:154 Cpu/(10592:10615): xxxxxxxxxxxxxxxxxxxxxxxxxxxxxxxxxxxxxxxxxxxxxxxxxxxxxxxxxxxxxxxx
[INFO] 17:07:18:154 Cpu/(10592:10615): Evaluando instruccion Nro: 7  de 0
[INFO] 17:07:18:154 Cpu/(10592:10615): Por evaluar instruccion: 2
[INFO] 17:07:18:154 Cpu/(10592:10615): PID: 0 - EJECUTANDO : SET - PARAMETROS: ( EDX , DDDDDDDD )
[INFO] 17:07:18:160 Cpu/(10592:10615): xxxxxxxxxxxxxxxxxxxxxxxxxxxxxxxxxxxxxxxxxxxxxxxxxxxxxxxxxxxxxxxx
[INFO] 17:07:18:160 Cpu/(10592:10615): Evaluando instruccion Nro: 8  de 0
[INFO] 17:07:18:160 Cpu/(10592:10615): Por evaluar instruccion: 2
[INFO] 17:07:18:160 Cpu/(10592:10615): PID: 0 - EJECUTANDO : SET - PARAMETROS: ( RAX , AAAAAAAAAAAA )
[INFO] 17:07:18:162 Cpu/(10592:10615): xxxxxxxxxxxxxxxxxxxxxxxxxxxxxxxxxxxxxxxxxxxxxxxxxxxxxxxxxxxxxxxx
[INFO] 17:07:18:162 Cpu/(10592:10615): Evaluando instruccion Nro: 9  de 0
[INFO] 17:07:18:162 Cpu/(10592:10615): Por evaluar instruccion: 2
[INFO] 17:07:18:162 Cpu/(10592:10615): PID: 0 - EJECUTANDO : SET - PARAMETROS: ( RBX , BBBBBBBBBBBB )
[INFO] 17:07:18:163 Cpu/(10592:10615): xxxxxxxxxxxxxxxxxxxxxxxxxxxxxxxxxxxxxxxxxxxxxxxxxxxxxxxxxxxxxxxx
[INFO] 17:07:18:163 Cpu/(10592:10615): Evaluando instruccion Nro: 10  de 0
[INFO] 17:07:18:163 Cpu/(10592:10615): Por evaluar instruccion: 2
[INFO] 17:07:18:163 Cpu/(10592:10615): PID: 0 - EJECUTANDO : SET - PARAMETROS: ( RCX , CCCCCCCCCCCC )
[INFO] 17:07:18:164 Cpu/(10592:10615): xxxxxxxxxxxxxxxxxxxxxxxxxxxxxxxxxxxxxxxxxxxxxxxxxxxxxxxxxxxxxxxx
[INFO] 17:07:18:164 Cpu/(10592:10615): Evaluando instruccion Nro: 11  de 0
[INFO] 17:07:18:164 Cpu/(10592:10615): Por evaluar instruccion: 2
[INFO] 17:07:18:164 Cpu/(10592:10615): PID: 0 - EJECUTANDO : SET - PARAMETROS: ( RDX , DDDDDDDDDDDD )
[INFO] 17:07:18:165 Cpu/(10592:10615): xxxxxxxxxxxxxxxxxxxxxxxxxxxxxxxxxxxxxxxxxxxxxxxxxxxxxxxxxxxxxxxx
[INFO] 17:07:18:165 Cpu/(10592:10615): Evaluando instruccion Nro: 12  de 0
[INFO] 17:07:18:165 Cpu/(10592:10615): Por evaluar instruccion: 14
[INFO] 17:07:18:165 Cpu/(10592:10615): PID: 0 - EJECUTANDO : YIELD - PARAMETROS: ()
