[INFO] 23:02:07:435 Kernel/(5284:5284): Servidor listo para recibir al cliente
[INFO] 23:02:55:155 Kernel/(5329:5329): Servidor listo para recibir al cliente
[INFO] 23:50:28:534 Kernel Servidor/(4670:4670): Servidor listo para recibir al cliente
[INFO] 23:59:56:063 Kernel Servidor/(5523:5523): Servidor listo para recibir al cliente
[INFO] 19:20:09:006 Kernel Servidor/(2406:2406): Servidor listo para recibir al cliente
[INFO] 23:11:49:181 Kernel/(6958:6958): Ip Memoria: 127.0.0.1
[INFO] 23:11:49:181 Kernel/(6958:6958): Puerto Memoria 8002
[INFO] 23:11:49:182 Kernel/(6958:6958): Ip FileSystem: 127.0.0.1
[INFO] 23:11:49:182 Kernel/(6958:6958): Puerto FileSystem 8003
[INFO] 23:11:49:182 Kernel/(6958:6958): Ip Cpu: 127.0.0.1
[INFO] 23:11:49:182 Kernel/(6958:6958): Puerto  8001
[INFO] 23:11:49:183 Kernel/(6958:6958): Servidor listo para recibir al cliente
[INFO] 23:12:04:435 Kernel/(6958:6958): Se conecto un cliente!
[INFO] 19:25:26:881 Kernel/(2334:2334): Ip Memoria: 127.0.0.1
[INFO] 19:25:26:883 Kernel/(2334:2334): Puerto Memoria 8002
[INFO] 19:25:26:883 Kernel/(2334:2334): Ip FileSystem: 127.0.0.1
[INFO] 19:25:26:883 Kernel/(2334:2334): Puerto FileSystem 8003
[INFO] 19:25:26:885 Kernel/(2334:2334): Ip Cpu: 127.0.0.1
[INFO] 19:25:26:885 Kernel/(2334:2334): Puerto  8001
[INFO] 19:25:26:894 Kernel/(2334:2334): Servidor listo para recibir al cliente
[INFO] 19:26:23:942 Kernel/(2334:2334): Se conecto un cliente!
[INFO] 19:42:26:114 Kernel/(3327:3327): Servidor listo para recibir al cliente
[INFO] 19:47:50:918 Kernel/(3585:3585): Servidor listo para recibir al cliente
[INFO] 19:49:41:392 Kernel/(3698:3698): Servidor listo para recibir al cliente
[INFO] 20:13:45:698 Kernel/(4847:4847): Servidor listo para recibir al cliente
[INFO] 20:15:09:314 Kernel/(4847:4847): Se conecto un cliente!
[INFO] 20:22:09:873 Kernel/(5310:5310): Servidor listo para recibir al cliente
[INFO] 20:22:20:120 Kernel/(5310:5310): Se conecto un cliente!
[INFO] 20:40:33:502 Kernel/(6170:6170): Servidor listo para recibir al cliente
[INFO] 20:40:40:652 Kernel/(6170:6170): Se conecto un cliente!
[INFO] 20:48:15:991 Kernel/(6777:6777): Servidor listo para recibir al cliente
[INFO] 21:07:21:072 Kernel/(8723:8723): Listo para escuchar a mi cliente
[INFO] 21:11:40:534 Kernel/(8952:8952): Se conecto un cliente!
[INFO] 22:15:45:189 Kernel/(10137:10137): Listo para escuchar a mi cliente
[INFO] 22:19:40:289 Kernel/(10199:10199): Listo para escuchar a mi cliente
[INFO] 22:20:20:623 Kernel/(10257:10257): Listo para escuchar a mi cliente
[INFO] 22:20:40:742 Kernel/(10303:10303): Listo para escuchar a mi cliente
[INFO] 22:25:09:778 Kernel/(10378:10378): Listo para escuchar a mi cliente
[INFO] 22:28:16:009 Kernel/(10378:10383): Se conecto un cliente!
[INFO] 22:44:36:574 Kernel/(10776:10776): Listo para escuchar a mi cliente
[INFO] 22:44:41:523 Kernel/(10776:10781): Se conecto un cliente!
[INFO] 22:46:42:090 Kernel/(10863:10863): Listo para escuchar a mi cliente
[INFO] 22:56:36:981 Kernel/(11139:11139): Listo para escuchar a mi cliente
