[INFO] 18:37:14:599 Conectar file System a memoria/(3709:3709): Ip Memoria: 127.0.0.1
[INFO] 18:37:14:600 Conectar file System a memoria/(3709:3709): Puerto Memoria 8002
[INFO] 18:37:57:433 Conectar file System a memoria/(3737:3737): Ip Memoria: 127.0.0.1
[INFO] 18:37:57:439 Conectar file System a memoria/(3737:3737): Puerto Memoria 8002
[INFO] 23:10:09:308 Conectar file System a memoria/(6855:6855): Ip Memoria: 127.0.0.1
[INFO] 23:10:09:309 Conectar file System a memoria/(6855:6855): Puerto Memoria 8002
[INFO] 23:10:09:309 Conectar file System a memoria/(6855:6855): Servidor listo para recibir al cliente
[INFO] 23:11:34:846 Conectar file System a memoria/(6934:6934): Ip Memoria: 127.0.0.1
[INFO] 23:11:34:846 Conectar file System a memoria/(6934:6934): Puerto Memoria 8002
[INFO] 23:11:34:847 Conectar file System a memoria/(6934:6934): Servidor listo para recibir al cliente
[INFO] 23:11:49:182 Conectar file System a memoria/(6934:6934): Se conecto un cliente!
[INFO] 19:24:43:204 Conectar file System a memoria/(2308:2308): Ip Memoria: 127.0.0.1
[INFO] 19:24:43:204 Conectar file System a memoria/(2308:2308): Puerto Memoria 8002
[INFO] 19:24:43:208 Conectar file System a memoria/(2308:2308): Servidor listo para recibir al cliente
[INFO] 19:25:26:883 Conectar file System a memoria/(2308:2308): Se conecto un cliente!
[INFO] 20:47:25:741 Conectar file System a memoria/(6765:6765): Servidor listo para recibir al cliente
[INFO] 20:48:15:991 Conectar file System a memoria/(6765:6765): Se conecto un cliente!
[INFO] 21:10:38:229 Conectar file System a memoria/(8897:8897): Se conecto un cliente!
[INFO] 21:27:19:407 FileSystem/(6442:6442): Listo para escuchar a mi cliente
[INFO] 21:30:20:002 FileSystem/(6554:6554): Listo para escuchar a mi cliente
[INFO] 21:30:34:807 FileSystem/(6554:6554): Se conecto un cliente!
[INFO] 23:58:40:327 FileSystem/(9234:9234): Listo para escuchar a mi cliente
[INFO] 23:58:45:396 FileSystem/(9234:9234): Se conecto un cliente!
[INFO] 00:00:03:394 FileSystem/(9302:9302): Listo para escuchar a mi cliente
[INFO] 00:12:53:373 FileSystem/(10084:10084): Listo para escuchar a mi cliente
[INFO] 00:12:58:542 FileSystem/(10084:10084): Se conecto un cliente!
[INFO] 00:16:25:287 FileSystem/(10300:10300): Listo para escuchar a mi cliente
[INFO] 00:16:25:287 FileSystem/(10300:10305): Conectado con memoria
[INFO] 00:16:31:580 FileSystem/(10300:10300): Se conecto un cliente!
[INFO] 00:17:38:586 FileSystem/(10369:10375): Conectado con memoria
[INFO] 00:17:38:586 FileSystem/(10369:10369): Listo para escuchar a mi cliente
[INFO] 23:37:45:029 FileSystem/(165919:165919): Listo para escuchar a mi cliente
[INFO] 23:37:45:030 FileSystem/(165919:165925): Conectado con memoria
[INFO] 20:47:43:651 FileSystem/(172794:172794): Estructuras creadas
[INFO] 20:48:08:786 FileSystem/(172881:172881): Estructuras creadas
[INFO] 20:48:08:791 FileSystem/(172881:172881): Estructuras terminadas
[INFO] 19:44:54:779 FileSystem/(179458:179458): Estructuras creadas
[INFO] 19:44:54:889 FileSystem/(179458:179458): Estructuras terminadas
[INFO] 19:49:42:829 FileSystem/(179761:179761): Estructuras creadas
[INFO] 19:49:42:875 FileSystem/(179761:179761): Estructuras terminadas
[INFO] 20:03:58:979 FileSystem/(180114:180114): Crear archivo: hola 
[INFO] 20:03:58:988 FileSystem/(180114:180114): Estructuras terminadas
[INFO] 20:12:31:529 FileSystem/(181101:181101): Estructuras creadas
[INFO] 20:12:31:533 FileSystem/(181101:181101): Crear archivo: hola 
[INFO] 20:12:31:569 FileSystem/(181101:181101): Estructuras terminadas
[INFO] 20:12:52:008 FileSystem/(181201:181201): Estructuras creadas
[INFO] 20:12:52:014 FileSystem/(181201:181201): Crear archivo: hola 
[INFO] 20:12:52:179 FileSystem/(181201:181201): Estructuras terminadas
[INFO] 20:36:23:657 FileSystem/(181916:181916): Estructuras creadas
[INFO] 20:36:23:657 FileSystem/(181916:181916): Crear archivo: hola 
[INFO] 20:36:23:661 FileSystem/(181916:181916): Estructuras terminadas
[INFO] 20:47:41:453 FileSystem/(182665:182665): Estructuras creadas
[INFO] 20:48:54:796 FileSystem/(182760:182760): Estructuras creadas
[INFO] 20:49:32:679 FileSystem/(182819:182819): Estructuras creadas
[INFO] 20:49:47:145 FileSystem/(182868:182868): Estructuras creadas
[INFO] 20:53:08:290 FileSystem/(183059:183059): Estructuras creadas
[INFO] 20:53:54:475 FileSystem/(183149:183149): Estructuras creadas
[INFO] 20:54:18:745 FileSystem/(183201:183201): Estructuras creadas
[INFO] 20:55:01:413 FileSystem/(183305:183305): Estructuras creadas
[INFO] 20:56:30:979 FileSystem/(183377:183377): Estructuras creadas
[INFO] 20:57:18:627 FileSystem/(183490:183490): Estructuras creadas
[INFO] 20:58:07:077 FileSystem/(183550:183550): Estructuras creadas
[INFO] 20:58:34:016 FileSystem/(183606:183606): Estructuras creadas
[INFO] 21:00:36:810 FileSystem/(183751:183751): Estructuras creadas
[INFO] 21:00:57:115 FileSystem/(183794:183794): Estructuras creadas
[INFO] 21:03:13:963 FileSystem/(183925:183925): Estructuras creadas
[INFO] 21:07:07:566 FileSystem/(184119:184119): Estructuras creadas
[INFO] 21:08:46:371 FileSystem/(184236:184236): Estructuras creadas
[INFO] 21:09:26:446 FileSystem/(184236:184236): Estructuras terminadas
[INFO] 21:15:48:023 FileSystem/(184741:184741): Estructuras creadas
[INFO] 21:15:48:025 FileSystem/(184741:184741): Crear archivo: hola

[INFO] 21:15:48:026 FileSystem/(184741:184741): Estructuras terminadas
[INFO] 21:16:16:839 FileSystem/(184814:184814): Estructuras creadas
[INFO] 21:16:16:845 FileSystem/(184814:184814): Crear archivo: hola

[INFO] 21:16:16:846 FileSystem/(184814:184814): Abrir Archivo: hola

[INFO] 21:16:16:975 FileSystem/(184814:184814): Estructuras terminadas
[INFO] 21:18:22:124 FileSystem/(184928:184928): Estructuras creadas
[INFO] 21:18:22:126 FileSystem/(184928:184928): Crear archivo: hola

[INFO] 21:18:22:126 FileSystem/(184928:184928): Abrir Archivo: hola

[INFO] 21:18:22:150 FileSystem/(184928:184928): Estructuras terminadas
[INFO] 21:18:33:083 FileSystem/(184980:184980): Estructuras creadas
[INFO] 21:18:33:083 FileSystem/(184980:184980): Crear archivo: hola

[INFO] 21:18:33:083 FileSystem/(184980:184980): Archivo no existe
[INFO] 21:18:33:085 FileSystem/(184980:184980): Estructuras terminadas
[INFO] 21:18:45:363 FileSystem/(185026:185026): Estructuras creadas
[INFO] 21:18:45:364 FileSystem/(185026:185026): Crear archivo: hola

[INFO] 21:18:45:364 FileSystem/(185026:185026): Abrir Archivo: hola

[INFO] 21:18:45:409 FileSystem/(185026:185026): Estructuras terminadas
[INFO] 21:56:03:481 FileSystem/(185542:185542): Estructuras creadas
[INFO] 21:56:03:482 FileSystem/(185542:185542): Crear archivo: hola

[INFO] 21:56:03:482 FileSystem/(185542:185542): Abrir Archivo: hola

[INFO] 21:56:03:525 FileSystem/(185542:185542): Estructuras terminadas
[INFO] 22:08:22:932 FileSystem/(185899:185899): Estructuras creadas
[INFO] 22:08:22:932 FileSystem/(185899:185899): Crear archivo: hola

[INFO] 22:08:22:933 FileSystem/(185899:185899): Abrir Archivo: hola

[INFO] 22:08:22:993 FileSystem/(185899:185899): Estructuras terminadas
[INFO] 21:21:27:427 FileSystem/(6603:6603): Estructuras creadas
[INFO] 21:21:27:497 FileSystem/(6603:6603): Crear archivo: hola

[INFO] 21:21:27:497 FileSystem/(6603:6603): Abrir Archivo: hola

[INFO] 21:21:27:537 FileSystem/(6603:6603): Estructuras terminadas
[INFO] 21:22:41:189 FileSystem/(6667:6667): Estructuras creadas
[INFO] 21:22:41:193 FileSystem/(6667:6667): Crear archivo: hola

[INFO] 21:22:41:203 FileSystem/(6667:6667): Abrir Archivo: hola

[INFO] 21:39:37:300 FileSystem/(7156:7156): Estructuras creadas
[INFO] 21:40:12:580 FileSystem/(7156:7156): Crear archivo: hola

[INFO] 21:40:24:265 FileSystem/(7156:7156): Abrir Archivo: hola

[INFO] 21:40:26:509 FileSystem/(7156:7156): Estructuras terminadas
[INFO] 21:45:00:219 FileSystem/(8087:8087): Estructuras creadas
[INFO] 21:46:07:220 FileSystem/(8087:8087): Crear archivo: hola

[INFO] 21:47:06:034 FileSystem/(8346:8346): Estructuras creadas
[INFO] 21:47:12:189 FileSystem/(8346:8346): Crear archivo: hola

[INFO] 21:48:58:009 FileSystem/(8346:8346): Abrir Archivo: hola

[INFO] 21:49:02:955 FileSystem/(8346:8346): Estructuras terminadas
[INFO] 21:49:20:758 FileSystem/(8540:8540): Estructuras creadas
[INFO] 21:49:53:703 FileSystem/(8632:8632): Estructuras creadas
[INFO] 21:50:00:276 FileSystem/(8632:8632): Crear archivo: hola

[INFO] 21:52:34:784 FileSystem/(8774:8774): Estructuras creadas
[INFO] 21:52:50:052 FileSystem/(8774:8774): Crear archivo: hola

[INFO] 21:53:46:761 FileSystem/(8936:8936): Estructuras creadas
[INFO] 21:53:46:771 FileSystem/(8936:8936): Crear archivo: hola 

[INFO] 21:53:46:771 FileSystem/(8936:8936): Abrir Archivo: hola 

[INFO] 21:53:48:778 FileSystem/(8952:8952): Estructuras creadas
[INFO] 21:53:48:787 FileSystem/(8952:8952): Crear archivo: hola 

[INFO] 21:54:50:315 FileSystem/(9086:9086): Estructuras creadas
[INFO] 21:54:50:316 FileSystem/(9086:9086): Crear archivo: hola
[INFO] 21:54:50:317 FileSystem/(9086:9086): Abrir Archivo: hola
[INFO] 21:55:21:960 FileSystem/(9186:9186): Estructuras creadas
[INFO] 21:55:23:858 FileSystem/(9186:9186): Crear archivo: hola
[INFO] 21:57:23:291 FileSystem/(9366:9366): Estructuras creadas
[INFO] 21:59:46:384 FileSystem/(9631:9631): Estructuras creadas
[INFO] 22:00:21:883 FileSystem/(9631:9631): Abrir Archivo: hola
[INFO] 22:02:58:563 FileSystem/(9822:9822): Estructuras creadas
[INFO] 22:03:18:457 FileSystem/(9873:9873): Estructuras creadas
[INFO] 22:03:19:387 FileSystem/(9873:9873): Abrir Archivo: hola
[INFO] 22:04:44:216 FileSystem/(9873:9873): Estructuras terminadas
[INFO] 22:06:23:024 FileSystem/(10073:10073): Estructuras creadas
[INFO] 22:06:23:648 FileSystem/(10073:10073): Abrir Archivo: hola
[INFO] 22:19:40:370 FileSystem/(10360:10360): Estructuras creadas
[INFO] 22:19:41:321 FileSystem/(10360:10360): Abrir Archivo: hola
[INFO] 22:23:12:168 FileSystem/(10521:10521): Estructuras creadas
[INFO] 22:23:14:354 FileSystem/(10521:10521): Abrir Archivo: hola
[INFO] 22:28:21:753 FileSystem/(10521:10521): Estructuras terminadas
[INFO] 22:28:58:780 FileSystem/(10684:10684): Estructuras creadas
[INFO] 22:28:59:577 FileSystem/(10684:10684): Abrir Archivo: hola
[INFO] 22:32:32:253 FileSystem/(10813:10813): Estructuras creadas
[INFO] 22:32:32:254 FileSystem/(10813:10813): Abrir Archivo: hola
[INFO] 22:33:12:442 FileSystem/(10903:10903): Estructuras creadas
[INFO] 22:33:12:443 FileSystem/(10903:10903): Abrir Archivo: hola
[INFO] 20:17:28:782 FileSystem/(12198:12198): Estructuras creadas
[INFO] 20:17:30:855 FileSystem/(12198:12198): Abrir Archivo: hola
[INFO] 20:20:57:499 FileSystem/(12198:12198): Estructuras terminadas
[INFO] 20:21:17:493 FileSystem/(12563:12563): Estructuras creadas
[INFO] 20:21:18:246 FileSystem/(12563:12563): Abrir Archivo: hola
[INFO] 20:25:16:833 FileSystem/(12563:12563): Estructuras terminadas
[INFO] 20:26:36:838 FileSystem/(12840:12840): Estructuras creadas
[INFO] 20:26:37:734 FileSystem/(12840:12840): Abrir Archivo: hola
[INFO] 20:28:40:896 FileSystem/(12840:12840): Estructuras terminadas
[INFO] 20:29:23:951 FileSystem/(13125:13125): Estructuras creadas
[INFO] 20:29:24:286 FileSystem/(13125:13125): Abrir Archivo: hola
[INFO] 20:31:13:257 FileSystem/(13125:13125): Estructuras terminadas
[INFO] 20:31:44:070 FileSystem/(13307:13307): Estructuras creadas
[INFO] 20:31:44:470 FileSystem/(13307:13307): Abrir Archivo: hola
[INFO] 20:33:39:721 FileSystem/(13307:13307): Estructuras terminadas
